<?xml version="1.0" encoding="UTF-8"?>
<!-- Generated by org.testng.reporters.JUnitXMLReporter -->
<testsuite ignored="0" hostname="DESKTOP-O2MGJE7" failures="1" tests="2" name="Test" time="91.243" errors="0" timestamp="2023-01-12T16:26:40 IST">
  <testcase classname="scripts.TestCase1" name="tc1" time="18.084">
    <failure type="java.lang.AssertionError" message="expected [Your Store] but found []">
      <![CDATA[java.lang.AssertionError: expected [Your Store] but found []
at scripts.TestCase1.tc1(TestCase1.java:91)
at java.base/java.util.ArrayList.forEach(ArrayList.java:1511)
... Removed 33 stack frames]]>
    </failure>
  </testcase> <!-- tc1 -->
  <testcase classname="scripts.TestCase2" name="tc2" time="26.311"/>
</testsuite> <!-- Test -->
